{"C:\\Users\\embuguam\\Desktop\\embmicalc\\bmicalc.js": {"path":"C:\\Users\\embuguam\\Desktop\\embmicalc\\bmicalc.js","statementMap":{"0":{"start":{"line":2,"column":14},"end":{"line":2,"column":34}},"1":{"start":{"line":4,"column":4},"end":{"line":13,"column":5}},"2":{"start":{"line":5,"column":6},"end":{"line":5,"column":27}},"3":{"start":{"line":6,"column":10},"end":{"line":13,"column":5}},"4":{"start":{"line":7,"column":6},"end":{"line":7,"column":22}},"5":{"start":{"line":8,"column":10},"end":{"line":13,"column":5}},"6":{"start":{"line":9,"column":6},"end":{"line":9,"column":26}},"7":{"start":{"line":11,"column":6},"end":{"line":11,"column":21}},"8":{"start":{"line":17,"column":2},"end":{"line":17,"column":25}}},"fnMap":{"0":{"name":"bmi","decl":{"start":{"line":1,"column":9},"end":{"line":1,"column":12}},"loc":{"start":{"line":1,"column":29},"end":{"line":16,"column":3}},"line":1}},"branchMap":{"0":{"loc":{"start":{"line":4,"column":4},"end":{"line":13,"column":5}},"type":"if","locations":[{"start":{"line":4,"column":4},"end":{"line":13,"column":5}},{"start":{"line":6,"column":10},"end":{"line":13,"column":5}}],"line":4},"1":{"loc":{"start":{"line":6,"column":10},"end":{"line":13,"column":5}},"type":"if","locations":[{"start":{"line":6,"column":10},"end":{"line":13,"column":5}},{"start":{"line":8,"column":10},"end":{"line":13,"column":5}}],"line":6},"2":{"loc":{"start":{"line":8,"column":10},"end":{"line":13,"column":5}},"type":"if","locations":[{"start":{"line":8,"column":10},"end":{"line":13,"column":5}},{"start":{"line":10,"column":9},"end":{"line":13,"column":5}}],"line":8}},"s":{"0":4,"1":4,"2":1,"3":3,"4":1,"5":2,"6":1,"7":1,"8":1},"f":{"0":4},"b":{"0":[1,3],"1":[1,2],"2":[1,1]},"_coverageSchema":"1a1c01bbd47fc00a2c39e90264f33305004495a9","hash":"7cf0d36eac6da75139c6c3e88ac313dee10f8091"}
}
